INFO:app.main:Initialized cache with max_size=1000, ttl=3600s
INFO:     Started server process [9070]
INFO:     Waiting for application startup.
INFO:app.main:Starting PEGASUS Summarization Service...
INFO:app.main:Loading PEGASUS model: google/pegasus-xsum
INFO:app.main:Using device: cpu
INFO:app.main:System resources - CPU: 13.1%, Memory: 74.6%, Available Memory: 4.1GB
INFO:app.main:Loading tokenizer...
INFO:app.main:Tokenizer loaded successfully
INFO:app.main:Loading model...
Some weights of PegasusForConditionalGeneration were not initialized from the model checkpoint at google/pegasus-xsum and are newly initialized: ['model.decoder.embed_positions.weight', 'model.encoder.embed_positions.weight']
You should probably TRAIN this model on a down-stream task to be able to use it for predictions and inference.
INFO:app.main:Model loaded successfully
INFO:app.main:PEGASUS model initialization complete
INFO:app.main:Post-loading resources - Memory: 82.8%
INFO:app.main:Service startup complete - ready to accept requests
INFO:     Application startup complete.
INFO:     Uvicorn running on http://0.0.0.0:8001 (Press CTRL+C to quit)
=== PEGASUS Optimization Configuration ===
Model: google/pegasus-xsum
Device: cpu
Max summary length: 128
Max chunk size: 800
Cache size: 1000
Max concurrent requests: 10
PyTorch threads: 4
=============================================
INFO:     127.0.0.1:52697 - "GET /health HTTP/1.1" 200 OK
INFO:     127.0.0.1:52699 - "GET /health HTTP/1.1" 200 OK
INFO:app.main:Received signal 15, initiating graceful shutdown...
